error: cannot pull with rebase: You have unstaged changes.
error: please commit or stash them.
npm warn deprecated inflight@1.0.6: This module is not supported, and leaks memory. Do not use it. Check out lru-cache if you want a good and tested way to coalesce async requests by a key value, which is much more comprehensive and powerful.
npm warn deprecated @humanwhocodes/config-array@0.11.14: Use @eslint/config-array instead
npm warn deprecated rimraf@3.0.2: Rimraf versions prior to v4 are no longer supported
npm warn deprecated @humanwhocodes/object-schema@2.0.3: Use @eslint/object-schema instead
npm warn deprecated glob@7.2.3: Glob versions prior to v9 are no longer supported
npm warn deprecated glob@7.2.3: Glob versions prior to v9 are no longer supported
npm warn deprecated glob@7.2.3: Glob versions prior to v9 are no longer supported
npm warn deprecated glob@7.2.3: Glob versions prior to v9 are no longer supported
npm warn deprecated react-native-vector-icons@10.3.0: react-native-vector-icons package has moved to a new model of per-icon-family packages. See the https://github.com/oblador/react-native-vector-icons/blob/master/MIGRATION.md on how to migrate
npm warn deprecated eslint@8.57.0: This version is no longer supported. Please see https://eslint.org/version-support for other options.
Author identity unknown

*** Please tell me who you are.

Run

  git config --global user.email "you@example.com"
  git config --global user.name "Your Name"

to set your account's default identity.
Omit --global to set the identity only in this repository.

fatal: unable to auto-detect email address (got 'igorganapolsky@Igors-Air.(none)')
error: cannot pull with rebase: You have unstaged changes.
error: additionally, your index contains uncommitted changes.
error: please commit or stash them.
npm warn deprecated inflight@1.0.6: This module is not supported, and leaks memory. Do not use it. Check out lru-cache if you want a good and tested way to coalesce async requests by a key value, which is much more comprehensive and powerful.
npm warn deprecated @humanwhocodes/config-array@0.11.14: Use @eslint/config-array instead
npm warn deprecated rimraf@3.0.2: Rimraf versions prior to v4 are no longer supported
npm warn deprecated @humanwhocodes/object-schema@2.0.3: Use @eslint/object-schema instead
npm warn deprecated glob@7.2.3: Glob versions prior to v9 are no longer supported
npm warn deprecated glob@7.2.3: Glob versions prior to v9 are no longer supported
npm warn deprecated glob@7.2.3: Glob versions prior to v9 are no longer supported
npm warn deprecated glob@7.2.3: Glob versions prior to v9 are no longer supported
npm warn deprecated react-native-vector-icons@10.3.0: react-native-vector-icons package has moved to a new model of per-icon-family packages. See the https://github.com/oblador/react-native-vector-icons/blob/master/MIGRATION.md on how to migrate
npm warn deprecated eslint@8.57.0: This version is no longer supported. Please see https://eslint.org/version-support for other options.
Author identity unknown

*** Please tell me who you are.

Run

  git config --global user.email "you@example.com"
  git config --global user.name "Your Name"

to set your account's default identity.
Omit --global to set the identity only in this repository.

fatal: unable to auto-detect email address (got 'igorganapolsky@Igors-Air.(none)')
error: cannot pull with rebase: You have unstaged changes.
error: additionally, your index contains uncommitted changes.
error: please commit or stash them.
npm warn deprecated inflight@1.0.6: This module is not supported, and leaks memory. Do not use it. Check out lru-cache if you want a good and tested way to coalesce async requests by a key value, which is much more comprehensive and powerful.
npm warn deprecated @humanwhocodes/config-array@0.11.14: Use @eslint/config-array instead
npm warn deprecated rimraf@3.0.2: Rimraf versions prior to v4 are no longer supported
npm warn deprecated @humanwhocodes/object-schema@2.0.3: Use @eslint/object-schema instead
npm warn deprecated glob@7.2.3: Glob versions prior to v9 are no longer supported
npm warn deprecated glob@7.2.3: Glob versions prior to v9 are no longer supported
npm warn deprecated glob@7.2.3: Glob versions prior to v9 are no longer supported
npm warn deprecated glob@7.2.3: Glob versions prior to v9 are no longer supported
npm warn deprecated react-native-vector-icons@10.3.0: react-native-vector-icons package has moved to a new model of per-icon-family packages. See the https://github.com/oblador/react-native-vector-icons/blob/master/MIGRATION.md on how to migrate
npm warn deprecated eslint@8.57.0: This version is no longer supported. Please see https://eslint.org/version-support for other options.
Author identity unknown

*** Please tell me who you are.

Run

  git config --global user.email "you@example.com"
  git config --global user.name "Your Name"

to set your account's default identity.
Omit --global to set the identity only in this repository.

fatal: unable to auto-detect email address (got 'igorganapolsky@Igors-Air.(none)')
error: cannot pull with rebase: You have unstaged changes.
error: additionally, your index contains uncommitted changes.
error: please commit or stash them.
npm warn deprecated inflight@1.0.6: This module is not supported, and leaks memory. Do not use it. Check out lru-cache if you want a good and tested way to coalesce async requests by a key value, which is much more comprehensive and powerful.
npm warn deprecated @humanwhocodes/config-array@0.11.14: Use @eslint/config-array instead
npm warn deprecated rimraf@3.0.2: Rimraf versions prior to v4 are no longer supported
npm warn deprecated @humanwhocodes/object-schema@2.0.3: Use @eslint/object-schema instead
npm warn deprecated glob@7.2.3: Glob versions prior to v9 are no longer supported
npm warn deprecated glob@7.2.3: Glob versions prior to v9 are no longer supported
npm warn deprecated glob@7.2.3: Glob versions prior to v9 are no longer supported
npm warn deprecated glob@7.2.3: Glob versions prior to v9 are no longer supported
npm warn deprecated react-native-vector-icons@10.3.0: react-native-vector-icons package has moved to a new model of per-icon-family packages. See the https://github.com/oblador/react-native-vector-icons/blob/master/MIGRATION.md on how to migrate
npm warn deprecated eslint@8.57.0: This version is no longer supported. Please see https://eslint.org/version-support for other options.
Author identity unknown

*** Please tell me who you are.

Run

  git config --global user.email "you@example.com"
  git config --global user.name "Your Name"

to set your account's default identity.
Omit --global to set the identity only in this repository.

fatal: unable to auto-detect email address (got 'igorganapolsky@Igors-Air.(none)')
error: cannot pull with rebase: You have unstaged changes.
error: additionally, your index contains uncommitted changes.
error: please commit or stash them.
npm warn deprecated inflight@1.0.6: This module is not supported, and leaks memory. Do not use it. Check out lru-cache if you want a good and tested way to coalesce async requests by a key value, which is much more comprehensive and powerful.
npm warn deprecated @humanwhocodes/config-array@0.11.14: Use @eslint/config-array instead
npm warn deprecated rimraf@3.0.2: Rimraf versions prior to v4 are no longer supported
npm warn deprecated @humanwhocodes/object-schema@2.0.3: Use @eslint/object-schema instead
npm warn deprecated glob@7.2.3: Glob versions prior to v9 are no longer supported
npm warn deprecated glob@7.2.3: Glob versions prior to v9 are no longer supported
npm warn deprecated glob@7.2.3: Glob versions prior to v9 are no longer supported
npm warn deprecated glob@7.2.3: Glob versions prior to v9 are no longer supported
npm warn deprecated react-native-vector-icons@10.3.0: react-native-vector-icons package has moved to a new model of per-icon-family packages. See the https://github.com/oblador/react-native-vector-icons/blob/master/MIGRATION.md on how to migrate
npm warn deprecated eslint@8.57.0: This version is no longer supported. Please see https://eslint.org/version-support for other options.
Author identity unknown

*** Please tell me who you are.

Run

  git config --global user.email "you@example.com"
  git config --global user.name "Your Name"

to set your account's default identity.
Omit --global to set the identity only in this repository.

fatal: unable to auto-detect email address (got 'igorganapolsky@Igors-Air.(none)')
error: cannot pull with rebase: You have unstaged changes.
error: additionally, your index contains uncommitted changes.
error: please commit or stash them.
npm warn deprecated inflight@1.0.6: This module is not supported, and leaks memory. Do not use it. Check out lru-cache if you want a good and tested way to coalesce async requests by a key value, which is much more comprehensive and powerful.
npm warn deprecated @humanwhocodes/config-array@0.11.14: Use @eslint/config-array instead
npm warn deprecated rimraf@3.0.2: Rimraf versions prior to v4 are no longer supported
npm warn deprecated @humanwhocodes/object-schema@2.0.3: Use @eslint/object-schema instead
npm warn deprecated glob@7.2.3: Glob versions prior to v9 are no longer supported
npm warn deprecated glob@7.2.3: Glob versions prior to v9 are no longer supported
npm warn deprecated glob@7.2.3: Glob versions prior to v9 are no longer supported
npm warn deprecated glob@7.2.3: Glob versions prior to v9 are no longer supported
npm warn deprecated react-native-vector-icons@10.3.0: react-native-vector-icons package has moved to a new model of per-icon-family packages. See the https://github.com/oblador/react-native-vector-icons/blob/master/MIGRATION.md on how to migrate
npm warn deprecated eslint@8.57.0: This version is no longer supported. Please see https://eslint.org/version-support for other options.
npm notice
npm notice New patch version of npm available! 11.5.1 -> 11.5.2
npm notice Changelog: https://github.com/npm/cli/releases/tag/v11.5.2
npm notice To update run: npm install -g npm@11.5.2
npm notice
Author identity unknown

*** Please tell me who you are.

Run

  git config --global user.email "you@example.com"
  git config --global user.name "Your Name"

to set your account's default identity.
Omit --global to set the identity only in this repository.

fatal: unable to auto-detect email address (got 'igorganapolsky@Igors-Air.(none)')
error: cannot pull with rebase: You have unstaged changes.
error: please commit or stash them.
npm error code EUSAGE
npm error
npm error `npm ci` can only install packages when your package.json and package-lock.json or npm-shrinkwrap.json are in sync. Please update your lock file with `npm install` before continuing.
npm error
npm error Invalid: lock file's @sentry/react-native@6.20.0 does not satisfy @sentry/react-native@6.14.0
npm error Invalid: lock file's sentry-expo@7.2.0 does not satisfy sentry-expo@7.0.1
npm error Invalid: lock file's @sentry/babel-plugin-component-annotate@4.1.1 does not satisfy @sentry/babel-plugin-component-annotate@3.4.0
npm error Invalid: lock file's @sentry/browser@8.55.0 does not satisfy @sentry/browser@8.54.0
npm error Invalid: lock file's @sentry/cli@2.51.1 does not satisfy @sentry/cli@2.45.0
npm error Invalid: lock file's @sentry/core@8.55.0 does not satisfy @sentry/core@8.54.0
npm error Invalid: lock file's @sentry/react@8.55.0 does not satisfy @sentry/react@8.54.0
npm error Invalid: lock file's @sentry/types@8.55.0 does not satisfy @sentry/types@8.54.0
npm error Invalid: lock file's @sentry/utils@8.55.0 does not satisfy @sentry/utils@8.54.0
npm error Invalid: lock file's @sentry-internal/browser-utils@8.55.0 does not satisfy @sentry-internal/browser-utils@8.54.0
npm error Invalid: lock file's @sentry-internal/feedback@8.55.0 does not satisfy @sentry-internal/feedback@8.54.0
npm error Invalid: lock file's @sentry-internal/replay@8.55.0 does not satisfy @sentry-internal/replay@8.54.0
npm error Invalid: lock file's @sentry-internal/replay-canvas@8.55.0 does not satisfy @sentry-internal/replay-canvas@8.54.0
npm error Invalid: lock file's @sentry/cli-darwin@2.51.1 does not satisfy @sentry/cli-darwin@2.45.0
npm error Invalid: lock file's @sentry/cli-linux-arm@2.51.1 does not satisfy @sentry/cli-linux-arm@2.45.0
npm error Invalid: lock file's @sentry/cli-linux-arm64@2.51.1 does not satisfy @sentry/cli-linux-arm64@2.45.0
npm error Invalid: lock file's @sentry/cli-linux-i686@2.51.1 does not satisfy @sentry/cli-linux-i686@2.45.0
npm error Invalid: lock file's @sentry/cli-linux-x64@2.51.1 does not satisfy @sentry/cli-linux-x64@2.45.0
npm error Invalid: lock file's @sentry/cli-win32-arm64@2.51.1 does not satisfy @sentry/cli-win32-arm64@2.45.0
npm error Invalid: lock file's @sentry/cli-win32-i686@2.51.1 does not satisfy @sentry/cli-win32-i686@2.45.0
npm error Invalid: lock file's @sentry/cli-win32-x64@2.51.1 does not satisfy @sentry/cli-win32-x64@2.45.0
npm error Invalid: lock file's @sentry/integrations@7.81.1 does not satisfy @sentry/integrations@7.52.1
npm error Invalid: lock file's @sentry/react@7.81.1 does not satisfy @sentry/react@7.52.1
npm error Invalid: lock file's @sentry/react-native@5.17.0 does not satisfy @sentry/react-native@5.5.0
npm error Invalid: lock file's @sentry/types@7.81.1 does not satisfy @sentry/types@7.52.1
npm error Invalid: lock file's @sentry/types@7.81.1 does not satisfy @sentry/types@7.52.1
npm error Invalid: lock file's @sentry/utils@7.81.1 does not satisfy @sentry/utils@7.52.1
npm error Missing: tslib@1.14.1 from lock file
npm error Invalid: lock file's @sentry/browser@7.81.1 does not satisfy @sentry/browser@7.52.1
npm error Invalid: lock file's @sentry/utils@7.81.1 does not satisfy @sentry/utils@7.52.1
npm error Missing: tslib@1.14.1 from lock file
npm error Invalid: lock file's @sentry-internal/tracing@7.81.1 does not satisfy @sentry-internal/tracing@7.52.1
npm error Invalid: lock file's @sentry/core@7.81.1 does not satisfy @sentry/core@7.52.1
npm error Invalid: lock file's @sentry/replay@7.81.1 does not satisfy @sentry/replay@7.52.1
npm error Invalid: lock file's @sentry/core@7.81.1 does not satisfy @sentry/core@7.52.1
npm error Invalid: lock file's @sentry/types@7.81.1 does not satisfy @sentry/types@7.52.1
npm error Invalid: lock file's @sentry/utils@7.81.1 does not satisfy @sentry/utils@7.52.1
npm error Missing: tslib@1.14.1 from lock file
npm error Invalid: lock file's @sentry/core@7.81.1 does not satisfy @sentry/core@7.52.1
npm error Invalid: lock file's @sentry/types@7.81.1 does not satisfy @sentry/types@7.52.1
npm error Invalid: lock file's @sentry/utils@7.81.1 does not satisfy @sentry/utils@7.52.1
npm error Missing: tslib@1.14.1 from lock file
npm error Missing: @sentry/browser@7.52.0 from lock file
npm error Invalid: lock file's @sentry/cli@2.25.2 does not satisfy @sentry/cli@2.17.5
npm error Missing: @sentry/core@7.52.0 from lock file
npm error Invalid: lock file's @sentry/hub@7.81.1 does not satisfy @sentry/hub@7.52.0
npm error Missing: @sentry/integrations@7.52.0 from lock file
npm error Missing: @sentry/react@7.52.0 from lock file
npm error Missing: @sentry/types@7.52.0 from lock file
npm error Missing: @sentry/utils@7.52.0 from lock file
npm error Invalid: lock file's @sentry/core@7.81.1 does not satisfy @sentry/core@7.52.0
npm error Invalid: lock file's @sentry/types@7.81.1 does not satisfy @sentry/types@7.52.0
npm error Invalid: lock file's @sentry/utils@7.81.1 does not satisfy @sentry/utils@7.52.0
npm error Missing: tslib@1.14.1 from lock file
npm error Missing: @sentry-internal/tracing@7.52.0 from lock file
npm error Missing: @sentry/replay@7.52.0 from lock file
npm error
npm error Clean install a project
npm error
npm error Usage:
npm error npm ci
npm error
npm error Options:
npm error [--install-strategy <hoisted|nested|shallow|linked>] [--legacy-bundling]
npm error [--global-style] [--omit <dev|optional|peer> [--omit <dev|optional|peer> ...]]
npm error [--include <prod|dev|optional|peer> [--include <prod|dev|optional|peer> ...]]
npm error [--strict-peer-deps] [--foreground-scripts] [--ignore-scripts] [--no-audit]
npm error [--no-bin-links] [--no-fund] [--dry-run]
npm error [-w|--workspace <workspace-name> [-w|--workspace <workspace-name> ...]]
npm error [--workspaces] [--include-workspace-root] [--install-links]
npm error
npm error aliases: clean-install, ic, install-clean, isntall-clean
npm error
npm error Run "npm help ci" for more info
npm error A complete log of this run can be found in: /Users/igorganapolsky/.npm/_logs/2025-08-24T22_09_06_456Z-debug-0.log
error: cannot pull with rebase: You have unstaged changes.
error: please commit or stash them.
npm warn deprecated inflight@1.0.6: This module is not supported, and leaks memory. Do not use it. Check out lru-cache if you want a good and tested way to coalesce async requests by a key value, which is much more comprehensive and powerful.
npm warn deprecated @humanwhocodes/config-array@0.13.0: Use @eslint/config-array instead
npm warn deprecated rimraf@3.0.2: Rimraf versions prior to v4 are no longer supported
npm warn deprecated @humanwhocodes/object-schema@2.0.3: Use @eslint/object-schema instead
npm warn deprecated glob@7.2.3: Glob versions prior to v9 are no longer supported
npm warn deprecated glob@7.2.3: Glob versions prior to v9 are no longer supported
npm warn deprecated glob@7.2.3: Glob versions prior to v9 are no longer supported
npm warn deprecated glob@7.2.3: Glob versions prior to v9 are no longer supported
npm warn deprecated react-native-vector-icons@10.3.0: react-native-vector-icons package has moved to a new model of per-icon-family packages. See the https://github.com/oblador/react-native-vector-icons/blob/master/MIGRATION.md on how to migrate
npm warn deprecated eslint@8.57.1: This version is no longer supported. Please see https://eslint.org/version-support for other options.
husky - install command is DEPRECATED
husky - DEPRECATED

Please remove the following two lines from .husky/pre-commit:

#!/usr/bin/env sh
. "$(dirname -- "$0")/_/husky.sh"

They WILL FAIL in v10.0.0

[STARTED] Backing up original state...
error: cannot pull with rebase: You have unstaged changes.
error: please commit or stash them.
npm warn deprecated inflight@1.0.6: This module is not supported, and leaks memory. Do not use it. Check out lru-cache if you want a good and tested way to coalesce async requests by a key value, which is much more comprehensive and powerful.
npm warn deprecated @humanwhocodes/config-array@0.13.0: Use @eslint/config-array instead
npm warn deprecated rimraf@3.0.2: Rimraf versions prior to v4 are no longer supported
npm warn deprecated @humanwhocodes/object-schema@2.0.3: Use @eslint/object-schema instead
npm warn deprecated glob@7.2.3: Glob versions prior to v9 are no longer supported
npm warn deprecated glob@7.2.3: Glob versions prior to v9 are no longer supported
npm warn deprecated glob@7.2.3: Glob versions prior to v9 are no longer supported
npm warn deprecated glob@7.2.3: Glob versions prior to v9 are no longer supported
npm warn deprecated react-native-vector-icons@10.3.0: react-native-vector-icons package has moved to a new model of per-icon-family packages. See the https://github.com/oblador/react-native-vector-icons/blob/master/MIGRATION.md on how to migrate
npm warn deprecated eslint@8.57.1: This version is no longer supported. Please see https://eslint.org/version-support for other options.
husky - install command is DEPRECATED
husky - DEPRECATED

Please remove the following two lines from .husky/pre-commit:

#!/usr/bin/env sh
. "$(dirname -- "$0")/_/husky.sh"

They WILL FAIL in v10.0.0

→ No staged files match any configured task.
To https://github.com/IgorGanapolsky/securepass-generator.git
 ! [rejected]        main -> main (non-fast-forward)
error: failed to push some refs to 'https://github.com/IgorGanapolsky/securepass-generator.git'
hint: Updates were rejected because the tip of your current branch is behind
hint: its remote counterpart. Integrate the remote changes (e.g.
hint: 'git pull ...') before pushing again.
hint: See the 'Note about fast-forwards' in 'git push --help' for details.
error: cannot pull with rebase: You have unstaged changes.
error: please commit or stash them.
npm warn deprecated inflight@1.0.6: This module is not supported, and leaks memory. Do not use it. Check out lru-cache if you want a good and tested way to coalesce async requests by a key value, which is much more comprehensive and powerful.
npm warn deprecated @humanwhocodes/config-array@0.13.0: Use @eslint/config-array instead
npm warn deprecated rimraf@3.0.2: Rimraf versions prior to v4 are no longer supported
npm warn deprecated @humanwhocodes/object-schema@2.0.3: Use @eslint/object-schema instead
npm warn deprecated glob@7.2.3: Glob versions prior to v9 are no longer supported
npm warn deprecated glob@7.2.3: Glob versions prior to v9 are no longer supported
npm warn deprecated glob@7.2.3: Glob versions prior to v9 are no longer supported
npm warn deprecated glob@7.2.3: Glob versions prior to v9 are no longer supported
npm warn deprecated react-native-vector-icons@10.3.0: react-native-vector-icons package has moved to a new model of per-icon-family packages. See the https://github.com/oblador/react-native-vector-icons/blob/master/MIGRATION.md on how to migrate
npm warn deprecated eslint@8.57.1: This version is no longer supported. Please see https://eslint.org/version-support for other options.
husky - install command is DEPRECATED
husky - DEPRECATED

Please remove the following two lines from .husky/pre-commit:

#!/usr/bin/env sh
. "$(dirname -- "$0")/_/husky.sh"

They WILL FAIL in v10.0.0

→ No staged files match any configured task.
To https://github.com/IgorGanapolsky/securepass-generator.git
 ! [rejected]        main -> main (non-fast-forward)
error: failed to push some refs to 'https://github.com/IgorGanapolsky/securepass-generator.git'
hint: Updates were rejected because the tip of your current branch is behind
hint: its remote counterpart. Integrate the remote changes (e.g.
hint: 'git pull ...') before pushing again.
hint: See the 'Note about fast-forwards' in 'git push --help' for details.
error: cannot pull with rebase: You have unstaged changes.
error: please commit or stash them.
npm warn deprecated inflight@1.0.6: This module is not supported, and leaks memory. Do not use it. Check out lru-cache if you want a good and tested way to coalesce async requests by a key value, which is much more comprehensive and powerful.
npm warn deprecated @humanwhocodes/config-array@0.13.0: Use @eslint/config-array instead
npm warn deprecated rimraf@3.0.2: Rimraf versions prior to v4 are no longer supported
npm warn deprecated @humanwhocodes/object-schema@2.0.3: Use @eslint/object-schema instead
npm warn deprecated glob@7.2.3: Glob versions prior to v9 are no longer supported
npm warn deprecated glob@7.2.3: Glob versions prior to v9 are no longer supported
npm warn deprecated glob@7.2.3: Glob versions prior to v9 are no longer supported
npm warn deprecated glob@7.2.3: Glob versions prior to v9 are no longer supported
npm warn deprecated react-native-vector-icons@10.3.0: react-native-vector-icons package has moved to a new model of per-icon-family packages. See the https://github.com/oblador/react-native-vector-icons/blob/master/MIGRATION.md on how to migrate
npm warn deprecated eslint@8.57.1: This version is no longer supported. Please see https://eslint.org/version-support for other options.
husky - install command is DEPRECATED
husky - DEPRECATED

Please remove the following two lines from .husky/pre-commit:

#!/usr/bin/env sh
. "$(dirname -- "$0")/_/husky.sh"

They WILL FAIL in v10.0.0

→ No staged files match any configured task.
To https://github.com/IgorGanapolsky/securepass-generator.git
 ! [rejected]        main -> main (non-fast-forward)
error: failed to push some refs to 'https://github.com/IgorGanapolsky/securepass-generator.git'
hint: Updates were rejected because the tip of your current branch is behind
hint: its remote counterpart. Integrate the remote changes (e.g.
hint: 'git pull ...') before pushing again.
hint: See the 'Note about fast-forwards' in 'git push --help' for details.
error: cannot pull with rebase: You have unstaged changes.
error: please commit or stash them.
npm warn deprecated inflight@1.0.6: This module is not supported, and leaks memory. Do not use it. Check out lru-cache if you want a good and tested way to coalesce async requests by a key value, which is much more comprehensive and powerful.
npm warn deprecated @humanwhocodes/config-array@0.13.0: Use @eslint/config-array instead
npm warn deprecated rimraf@3.0.2: Rimraf versions prior to v4 are no longer supported
npm warn deprecated @humanwhocodes/object-schema@2.0.3: Use @eslint/object-schema instead
npm warn deprecated glob@7.2.3: Glob versions prior to v9 are no longer supported
npm warn deprecated glob@7.2.3: Glob versions prior to v9 are no longer supported
npm warn deprecated glob@7.2.3: Glob versions prior to v9 are no longer supported
npm warn deprecated glob@7.2.3: Glob versions prior to v9 are no longer supported
npm warn deprecated react-native-vector-icons@10.3.0: react-native-vector-icons package has moved to a new model of per-icon-family packages. See the https://github.com/oblador/react-native-vector-icons/blob/master/MIGRATION.md on how to migrate
npm warn deprecated eslint@8.57.1: This version is no longer supported. Please see https://eslint.org/version-support for other options.
husky - install command is DEPRECATED
husky - DEPRECATED

Please remove the following two lines from .husky/pre-commit:

#!/usr/bin/env sh
. "$(dirname -- "$0")/_/husky.sh"

They WILL FAIL in v10.0.0

→ No staged files match any configured task.
To https://github.com/IgorGanapolsky/securepass-generator.git
 ! [rejected]        main -> main (non-fast-forward)
error: failed to push some refs to 'https://github.com/IgorGanapolsky/securepass-generator.git'
hint: Updates were rejected because the tip of your current branch is behind
hint: its remote counterpart. Integrate the remote changes (e.g.
hint: 'git pull ...') before pushing again.
hint: See the 'Note about fast-forwards' in 'git push --help' for details.
error: cannot pull with rebase: You have unstaged changes.
error: please commit or stash them.
npm warn deprecated inflight@1.0.6: This module is not supported, and leaks memory. Do not use it. Check out lru-cache if you want a good and tested way to coalesce async requests by a key value, which is much more comprehensive and powerful.
npm warn deprecated @humanwhocodes/config-array@0.13.0: Use @eslint/config-array instead
npm warn deprecated rimraf@3.0.2: Rimraf versions prior to v4 are no longer supported
npm warn deprecated @humanwhocodes/object-schema@2.0.3: Use @eslint/object-schema instead
npm warn deprecated glob@7.2.3: Glob versions prior to v9 are no longer supported
npm warn deprecated glob@7.2.3: Glob versions prior to v9 are no longer supported
npm warn deprecated glob@7.2.3: Glob versions prior to v9 are no longer supported
npm warn deprecated glob@7.2.3: Glob versions prior to v9 are no longer supported
npm warn deprecated react-native-vector-icons@10.3.0: react-native-vector-icons package has moved to a new model of per-icon-family packages. See the https://github.com/oblador/react-native-vector-icons/blob/master/MIGRATION.md on how to migrate
npm warn deprecated eslint@8.57.1: This version is no longer supported. Please see https://eslint.org/version-support for other options.
husky - install command is DEPRECATED
husky - DEPRECATED

Please remove the following two lines from .husky/pre-commit:

#!/usr/bin/env sh
. "$(dirname -- "$0")/_/husky.sh"

They WILL FAIL in v10.0.0

→ No staged files match any configured task.
To https://github.com/IgorGanapolsky/securepass-generator.git
 ! [rejected]        main -> main (non-fast-forward)
error: failed to push some refs to 'https://github.com/IgorGanapolsky/securepass-generator.git'
hint: Updates were rejected because the tip of your current branch is behind
hint: its remote counterpart. Integrate the remote changes (e.g.
hint: 'git pull ...') before pushing again.
hint: See the 'Note about fast-forwards' in 'git push --help' for details.
error: cannot pull with rebase: You have unstaged changes.
error: please commit or stash them.
npm warn deprecated inflight@1.0.6: This module is not supported, and leaks memory. Do not use it. Check out lru-cache if you want a good and tested way to coalesce async requests by a key value, which is much more comprehensive and powerful.
npm warn deprecated @humanwhocodes/config-array@0.13.0: Use @eslint/config-array instead
npm warn deprecated rimraf@3.0.2: Rimraf versions prior to v4 are no longer supported
npm warn deprecated @humanwhocodes/object-schema@2.0.3: Use @eslint/object-schema instead
npm warn deprecated glob@7.2.3: Glob versions prior to v9 are no longer supported
npm warn deprecated glob@7.2.3: Glob versions prior to v9 are no longer supported
npm warn deprecated glob@7.2.3: Glob versions prior to v9 are no longer supported
npm warn deprecated glob@7.2.3: Glob versions prior to v9 are no longer supported
npm warn deprecated react-native-vector-icons@10.3.0: react-native-vector-icons package has moved to a new model of per-icon-family packages. See the https://github.com/oblador/react-native-vector-icons/blob/master/MIGRATION.md on how to migrate
npm warn deprecated eslint@8.57.1: This version is no longer supported. Please see https://eslint.org/version-support for other options.
husky - install command is DEPRECATED
husky - DEPRECATED

Please remove the following two lines from .husky/pre-commit:

#!/usr/bin/env sh
. "$(dirname -- "$0")/_/husky.sh"

They WILL FAIL in v10.0.0

→ No staged files match any configured task.
To https://github.com/IgorGanapolsky/securepass-generator.git
 ! [rejected]        main -> main (non-fast-forward)
error: failed to push some refs to 'https://github.com/IgorGanapolsky/securepass-generator.git'
hint: Updates were rejected because the tip of your current branch is behind
hint: its remote counterpart. Integrate the remote changes (e.g.
hint: 'git pull ...') before pushing again.
hint: See the 'Note about fast-forwards' in 'git push --help' for details.
error: cannot pull with rebase: You have unstaged changes.
error: please commit or stash them.
npm warn deprecated inflight@1.0.6: This module is not supported, and leaks memory. Do not use it. Check out lru-cache if you want a good and tested way to coalesce async requests by a key value, which is much more comprehensive and powerful.
npm warn deprecated @humanwhocodes/config-array@0.13.0: Use @eslint/config-array instead
npm warn deprecated rimraf@3.0.2: Rimraf versions prior to v4 are no longer supported
npm warn deprecated @humanwhocodes/object-schema@2.0.3: Use @eslint/object-schema instead
npm warn deprecated glob@7.2.3: Glob versions prior to v9 are no longer supported
npm warn deprecated glob@7.2.3: Glob versions prior to v9 are no longer supported
npm warn deprecated glob@7.2.3: Glob versions prior to v9 are no longer supported
npm warn deprecated glob@7.2.3: Glob versions prior to v9 are no longer supported
npm warn deprecated react-native-vector-icons@10.3.0: react-native-vector-icons package has moved to a new model of per-icon-family packages. See the https://github.com/oblador/react-native-vector-icons/blob/master/MIGRATION.md on how to migrate
npm warn deprecated eslint@8.57.1: This version is no longer supported. Please see https://eslint.org/version-support for other options.
husky - install command is DEPRECATED
husky - DEPRECATED

Please remove the following two lines from .husky/pre-commit:

#!/usr/bin/env sh
. "$(dirname -- "$0")/_/husky.sh"

They WILL FAIL in v10.0.0

→ No staged files match any configured task.
To https://github.com/IgorGanapolsky/securepass-generator.git
 ! [rejected]        main -> main (non-fast-forward)
error: failed to push some refs to 'https://github.com/IgorGanapolsky/securepass-generator.git'
hint: Updates were rejected because the tip of your current branch is behind
hint: its remote counterpart. Integrate the remote changes (e.g.
hint: 'git pull ...') before pushing again.
hint: See the 'Note about fast-forwards' in 'git push --help' for details.
error: cannot pull with rebase: You have unstaged changes.
error: please commit or stash them.
npm warn deprecated inflight@1.0.6: This module is not supported, and leaks memory. Do not use it. Check out lru-cache if you want a good and tested way to coalesce async requests by a key value, which is much more comprehensive and powerful.
npm warn deprecated @humanwhocodes/config-array@0.13.0: Use @eslint/config-array instead
npm warn deprecated rimraf@3.0.2: Rimraf versions prior to v4 are no longer supported
npm warn deprecated @humanwhocodes/object-schema@2.0.3: Use @eslint/object-schema instead
npm warn deprecated glob@7.2.3: Glob versions prior to v9 are no longer supported
npm warn deprecated glob@7.2.3: Glob versions prior to v9 are no longer supported
npm warn deprecated glob@7.2.3: Glob versions prior to v9 are no longer supported
npm warn deprecated glob@7.2.3: Glob versions prior to v9 are no longer supported
npm warn deprecated react-native-vector-icons@10.3.0: react-native-vector-icons package has moved to a new model of per-icon-family packages. See the https://github.com/oblador/react-native-vector-icons/blob/master/MIGRATION.md on how to migrate
npm warn deprecated eslint@8.57.1: This version is no longer supported. Please see https://eslint.org/version-support for other options.
husky - install command is DEPRECATED
husky - DEPRECATED

Please remove the following two lines from .husky/pre-commit:

#!/usr/bin/env sh
. "$(dirname -- "$0")/_/husky.sh"

They WILL FAIL in v10.0.0

→ No staged files match any configured task.
To https://github.com/IgorGanapolsky/securepass-generator.git
 ! [rejected]        main -> main (non-fast-forward)
error: failed to push some refs to 'https://github.com/IgorGanapolsky/securepass-generator.git'
hint: Updates were rejected because the tip of your current branch is behind
hint: its remote counterpart. Integrate the remote changes (e.g.
hint: 'git pull ...') before pushing again.
hint: See the 'Note about fast-forwards' in 'git push --help' for details.
error: cannot pull with rebase: You have unstaged changes.
error: please commit or stash them.
npm warn deprecated inflight@1.0.6: This module is not supported, and leaks memory. Do not use it. Check out lru-cache if you want a good and tested way to coalesce async requests by a key value, which is much more comprehensive and powerful.
npm warn deprecated @humanwhocodes/config-array@0.13.0: Use @eslint/config-array instead
npm warn deprecated rimraf@3.0.2: Rimraf versions prior to v4 are no longer supported
npm warn deprecated @humanwhocodes/object-schema@2.0.3: Use @eslint/object-schema instead
npm warn deprecated glob@7.2.3: Glob versions prior to v9 are no longer supported
npm warn deprecated glob@7.2.3: Glob versions prior to v9 are no longer supported
npm warn deprecated glob@7.2.3: Glob versions prior to v9 are no longer supported
npm warn deprecated glob@7.2.3: Glob versions prior to v9 are no longer supported
npm warn deprecated react-native-vector-icons@10.3.0: react-native-vector-icons package has moved to a new model of per-icon-family packages. See the https://github.com/oblador/react-native-vector-icons/blob/master/MIGRATION.md on how to migrate
npm warn deprecated eslint@8.57.1: This version is no longer supported. Please see https://eslint.org/version-support for other options.
husky - install command is DEPRECATED
husky - DEPRECATED

Please remove the following two lines from .husky/pre-commit:

#!/usr/bin/env sh
. "$(dirname -- "$0")/_/husky.sh"

They WILL FAIL in v10.0.0

→ No staged files match any configured task.
To https://github.com/IgorGanapolsky/securepass-generator.git
 ! [rejected]        main -> main (non-fast-forward)
error: failed to push some refs to 'https://github.com/IgorGanapolsky/securepass-generator.git'
hint: Updates were rejected because the tip of your current branch is behind
hint: its remote counterpart. Integrate the remote changes (e.g.
hint: 'git pull ...') before pushing again.
hint: See the 'Note about fast-forwards' in 'git push --help' for details.
error: cannot pull with rebase: You have unstaged changes.
error: please commit or stash them.
npm warn deprecated inflight@1.0.6: This module is not supported, and leaks memory. Do not use it. Check out lru-cache if you want a good and tested way to coalesce async requests by a key value, which is much more comprehensive and powerful.
npm warn deprecated @humanwhocodes/config-array@0.13.0: Use @eslint/config-array instead
npm warn deprecated rimraf@3.0.2: Rimraf versions prior to v4 are no longer supported
npm warn deprecated @humanwhocodes/object-schema@2.0.3: Use @eslint/object-schema instead
npm warn deprecated glob@7.2.3: Glob versions prior to v9 are no longer supported
npm warn deprecated glob@7.2.3: Glob versions prior to v9 are no longer supported
npm warn deprecated glob@7.2.3: Glob versions prior to v9 are no longer supported
npm warn deprecated glob@7.2.3: Glob versions prior to v9 are no longer supported
npm warn deprecated react-native-vector-icons@10.3.0: react-native-vector-icons package has moved to a new model of per-icon-family packages. See the https://github.com/oblador/react-native-vector-icons/blob/master/MIGRATION.md on how to migrate
npm warn deprecated eslint@8.57.1: This version is no longer supported. Please see https://eslint.org/version-support for other options.
husky - install command is DEPRECATED
husky - DEPRECATED

Please remove the following two lines from .husky/pre-commit:

#!/usr/bin/env sh
. "$(dirname -- "$0")/_/husky.sh"

They WILL FAIL in v10.0.0

→ No staged files match any configured task.
To https://github.com/IgorGanapolsky/securepass-generator.git
 ! [rejected]        main -> main (non-fast-forward)
error: failed to push some refs to 'https://github.com/IgorGanapolsky/securepass-generator.git'
hint: Updates were rejected because the tip of your current branch is behind
hint: its remote counterpart. Integrate the remote changes (e.g.
hint: 'git pull ...') before pushing again.
hint: See the 'Note about fast-forwards' in 'git push --help' for details.
error: cannot pull with rebase: You have unstaged changes.
error: please commit or stash them.
npm warn deprecated inflight@1.0.6: This module is not supported, and leaks memory. Do not use it. Check out lru-cache if you want a good and tested way to coalesce async requests by a key value, which is much more comprehensive and powerful.
npm warn deprecated @humanwhocodes/config-array@0.13.0: Use @eslint/config-array instead
npm warn deprecated rimraf@3.0.2: Rimraf versions prior to v4 are no longer supported
npm warn deprecated @humanwhocodes/object-schema@2.0.3: Use @eslint/object-schema instead
npm warn deprecated glob@7.2.3: Glob versions prior to v9 are no longer supported
npm warn deprecated glob@7.2.3: Glob versions prior to v9 are no longer supported
npm warn deprecated glob@7.2.3: Glob versions prior to v9 are no longer supported
npm warn deprecated glob@7.2.3: Glob versions prior to v9 are no longer supported
npm warn deprecated react-native-vector-icons@10.3.0: react-native-vector-icons package has moved to a new model of per-icon-family packages. See the https://github.com/oblador/react-native-vector-icons/blob/master/MIGRATION.md on how to migrate
npm warn deprecated eslint@8.57.1: This version is no longer supported. Please see https://eslint.org/version-support for other options.
husky - install command is DEPRECATED
husky - DEPRECATED

Please remove the following two lines from .husky/pre-commit:

#!/usr/bin/env sh
. "$(dirname -- "$0")/_/husky.sh"

They WILL FAIL in v10.0.0

→ No staged files match any configured task.
To https://github.com/IgorGanapolsky/securepass-generator.git
 ! [rejected]        main -> main (non-fast-forward)
error: failed to push some refs to 'https://github.com/IgorGanapolsky/securepass-generator.git'
hint: Updates were rejected because the tip of your current branch is behind
hint: its remote counterpart. Integrate the remote changes (e.g.
hint: 'git pull ...') before pushing again.
hint: See the 'Note about fast-forwards' in 'git push --help' for details.
fatal: unable to access 'https://github.com/IgorGanapolsky/apps.git/': Resolving timed out after 427779 milliseconds
error: could not fetch template
fatal: unable to access 'https://github.com/IgorGanapolsky/securepass-generator.git/': Resolving timed out after 992071 milliseconds
error: could not fetch origin
error: cannot pull with rebase: You have unstaged changes.
error: please commit or stash them.
npm warn deprecated inflight@1.0.6: This module is not supported, and leaks memory. Do not use it. Check out lru-cache if you want a good and tested way to coalesce async requests by a key value, which is much more comprehensive and powerful.
npm warn deprecated @humanwhocodes/config-array@0.13.0: Use @eslint/config-array instead
npm warn deprecated rimraf@3.0.2: Rimraf versions prior to v4 are no longer supported
npm warn deprecated @humanwhocodes/object-schema@2.0.3: Use @eslint/object-schema instead
npm warn deprecated glob@7.2.3: Glob versions prior to v9 are no longer supported
npm warn deprecated glob@7.2.3: Glob versions prior to v9 are no longer supported
npm warn deprecated glob@7.2.3: Glob versions prior to v9 are no longer supported
npm warn deprecated glob@7.2.3: Glob versions prior to v9 are no longer supported
npm warn deprecated react-native-vector-icons@10.3.0: react-native-vector-icons package has moved to a new model of per-icon-family packages. See the https://github.com/oblador/react-native-vector-icons/blob/master/MIGRATION.md on how to migrate
npm warn deprecated eslint@8.57.1: This version is no longer supported. Please see https://eslint.org/version-support for other options.
husky - install command is DEPRECATED
husky - DEPRECATED

Please remove the following two lines from .husky/pre-commit:

#!/usr/bin/env sh
. "$(dirname -- "$0")/_/husky.sh"

They WILL FAIL in v10.0.0

→ No staged files match any configured task.
fatal: unable to access 'https://github.com/IgorGanapolsky/securepass-generator.git/': Resolving timed out after 1048415 milliseconds
error: cannot pull with rebase: You have unstaged changes.
error: please commit or stash them.
npm warn deprecated inflight@1.0.6: This module is not supported, and leaks memory. Do not use it. Check out lru-cache if you want a good and tested way to coalesce async requests by a key value, which is much more comprehensive and powerful.
npm warn deprecated @humanwhocodes/config-array@0.13.0: Use @eslint/config-array instead
npm warn deprecated rimraf@3.0.2: Rimraf versions prior to v4 are no longer supported
npm warn deprecated @humanwhocodes/object-schema@2.0.3: Use @eslint/object-schema instead
npm warn deprecated glob@7.2.3: Glob versions prior to v9 are no longer supported
npm warn deprecated glob@7.2.3: Glob versions prior to v9 are no longer supported
npm warn deprecated glob@7.2.3: Glob versions prior to v9 are no longer supported
npm warn deprecated glob@7.2.3: Glob versions prior to v9 are no longer supported
npm warn deprecated react-native-vector-icons@10.3.0: react-native-vector-icons package has moved to a new model of per-icon-family packages. See the https://github.com/oblador/react-native-vector-icons/blob/master/MIGRATION.md on how to migrate
npm warn deprecated eslint@8.57.1: This version is no longer supported. Please see https://eslint.org/version-support for other options.
husky - install command is DEPRECATED
husky - DEPRECATED

Please remove the following two lines from .husky/pre-commit:

#!/usr/bin/env sh
. "$(dirname -- "$0")/_/husky.sh"

They WILL FAIL in v10.0.0

[STARTED] Backing up original state...
error: cannot pull with rebase: You have unstaged changes.
error: please commit or stash them.
npm warn deprecated inflight@1.0.6: This module is not supported, and leaks memory. Do not use it. Check out lru-cache if you want a good and tested way to coalesce async requests by a key value, which is much more comprehensive and powerful.
npm warn deprecated @humanwhocodes/config-array@0.13.0: Use @eslint/config-array instead
npm warn deprecated rimraf@3.0.2: Rimraf versions prior to v4 are no longer supported
npm warn deprecated @humanwhocodes/object-schema@2.0.3: Use @eslint/object-schema instead
npm warn deprecated glob@7.2.3: Glob versions prior to v9 are no longer supported
npm warn deprecated glob@7.2.3: Glob versions prior to v9 are no longer supported
npm warn deprecated glob@7.2.3: Glob versions prior to v9 are no longer supported
npm warn deprecated glob@7.2.3: Glob versions prior to v9 are no longer supported
npm warn deprecated react-native-vector-icons@10.3.0: react-native-vector-icons package has moved to a new model of per-icon-family packages. See the https://github.com/oblador/react-native-vector-icons/blob/master/MIGRATION.md on how to migrate
npm warn deprecated eslint@8.57.1: This version is no longer supported. Please see https://eslint.org/version-support for other options.
husky - install command is DEPRECATED
error: cannot pull with rebase: You have unstaged changes.
error: please commit or stash them.
npm warn deprecated rimraf@3.0.2: Rimraf versions prior to v4 are no longer supported
npm warn deprecated react-native-vector-icons@10.3.0: react-native-vector-icons package has moved to a new model of per-icon-family packages. See the https://github.com/oblador/react-native-vector-icons/blob/master/MIGRATION.md on how to migrate
npm warn deprecated inflight@1.0.6: This module is not supported, and leaks memory. Do not use it. Check out lru-cache if you want a good and tested way to coalesce async requests by a key value, which is much more comprehensive and powerful.
npm warn deprecated @humanwhocodes/object-schema@2.0.3: Use @eslint/object-schema instead
npm warn deprecated @humanwhocodes/config-array@0.13.0: Use @eslint/config-array instead
npm warn deprecated glob@7.2.3: Glob versions prior to v9 are no longer supported
npm warn deprecated glob@7.2.3: Glob versions prior to v9 are no longer supported
npm warn deprecated glob@7.2.3: Glob versions prior to v9 are no longer supported
npm warn deprecated glob@7.2.3: Glob versions prior to v9 are no longer supported
npm warn deprecated eslint@8.57.1: This version is no longer supported. Please see https://eslint.org/version-support for other options.
husky - install command is DEPRECATED
error: cannot pull with rebase: You have unstaged changes.
error: please commit or stash them.
npm warn deprecated rimraf@3.0.2: Rimraf versions prior to v4 are no longer supported
npm warn deprecated inflight@1.0.6: This module is not supported, and leaks memory. Do not use it. Check out lru-cache if you want a good and tested way to coalesce async requests by a key value, which is much more comprehensive and powerful.
npm warn deprecated react-native-vector-icons@10.3.0: react-native-vector-icons package has moved to a new model of per-icon-family packages. See the https://github.com/oblador/react-native-vector-icons/blob/master/MIGRATION.md on how to migrate
npm warn deprecated @humanwhocodes/config-array@0.13.0: Use @eslint/config-array instead
npm warn deprecated @humanwhocodes/object-schema@2.0.3: Use @eslint/object-schema instead
npm warn deprecated glob@7.2.3: Glob versions prior to v9 are no longer supported
npm warn deprecated glob@7.2.3: Glob versions prior to v9 are no longer supported
npm warn deprecated glob@7.2.3: Glob versions prior to v9 are no longer supported
npm warn deprecated glob@7.2.3: Glob versions prior to v9 are no longer supported
npm warn deprecated eslint@8.57.1: This version is no longer supported. Please see https://eslint.org/version-support for other options.
husky - install command is DEPRECATED
From https://github.com/IgorGanapolsky/apps
   47724a3..8aca02a  main       -> template/main
error: cannot pull with rebase: You have unstaged changes.
error: please commit or stash them.
npm warn deprecated inflight@1.0.6: This module is not supported, and leaks memory. Do not use it. Check out lru-cache if you want a good and tested way to coalesce async requests by a key value, which is much more comprehensive and powerful.
npm warn deprecated @humanwhocodes/config-array@0.13.0: Use @eslint/config-array instead
npm warn deprecated rimraf@3.0.2: Rimraf versions prior to v4 are no longer supported
npm warn deprecated @humanwhocodes/object-schema@2.0.3: Use @eslint/object-schema instead
npm warn deprecated glob@7.2.3: Glob versions prior to v9 are no longer supported
npm warn deprecated glob@7.2.3: Glob versions prior to v9 are no longer supported
npm warn deprecated glob@7.2.3: Glob versions prior to v9 are no longer supported
npm warn deprecated glob@7.2.3: Glob versions prior to v9 are no longer supported
npm warn deprecated react-native-vector-icons@10.3.0: react-native-vector-icons package has moved to a new model of per-icon-family packages. See the https://github.com/oblador/react-native-vector-icons/blob/master/MIGRATION.md on how to migrate
npm warn deprecated eslint@8.57.1: This version is no longer supported. Please see https://eslint.org/version-support for other options.
husky - install command is DEPRECATED
husky - DEPRECATED

Please remove the following two lines from .husky/pre-commit:

#!/usr/bin/env sh
. "$(dirname -- "$0")/_/husky.sh"

They WILL FAIL in v10.0.0

[STARTED] Backing up original state...
fatal: unable to access 'https://github.com/IgorGanapolsky/SuperPassword.git/': Recv failure: Connection reset by peer
error: could not fetch origin
error: cannot pull with rebase: You have unstaged changes.
error: please commit or stash them.
npm warn deprecated inflight@1.0.6: This module is not supported, and leaks memory. Do not use it. Check out lru-cache if you want a good and tested way to coalesce async requests by a key value, which is much more comprehensive and powerful.
npm warn deprecated rimraf@3.0.2: Rimraf versions prior to v4 are no longer supported
npm warn deprecated glob@7.2.3: Glob versions prior to v9 are no longer supported
npm warn deprecated glob@7.2.3: Glob versions prior to v9 are no longer supported
npm warn deprecated glob@7.2.3: Glob versions prior to v9 are no longer supported
npm warn deprecated glob@7.2.3: Glob versions prior to v9 are no longer supported
npm warn deprecated react-native-vector-icons@10.3.0: react-native-vector-icons package has moved to a new model of per-icon-family packages. See the https://github.com/oblador/react-native-vector-icons/blob/master/MIGRATION.md on how to migrate
husky - install command is DEPRECATED

Oops! Something went wrong! :(

ESLint: 9.34.0

ESLint couldn't find an eslint.config.(js|mjs|cjs) file.

From ESLint v9.0.0, the default configuration file is now eslint.config.js.
If you are using a .eslintrc.* file, please follow the migration guide
to update your configuration file to the new format:

https://eslint.org/docs/latest/use/configure/migration-guide

If you still have problems after following the migration guide, please stop by
https://eslint.org/chat/help to chat with the team.

From https://github.com/IgorGanapolsky/SuperPassword
 - [deleted]         (none)     -> origin/chore/add-2025-automation
 - [deleted]         (none)     -> origin/chore/enhance-security
 - [deleted]         (none)     -> origin/fix/typescript-strict-mode
 * [new branch]      feat/enhance-issue-handling -> origin/feat/enhance-issue-handling
error: cannot pull with rebase: You have unstaged changes.
error: please commit or stash them.
npm warn deprecated inflight@1.0.6: This module is not supported, and leaks memory. Do not use it. Check out lru-cache if you want a good and tested way to coalesce async requests by a key value, which is much more comprehensive and powerful.
npm warn deprecated rimraf@3.0.2: Rimraf versions prior to v4 are no longer supported
npm warn deprecated glob@7.2.3: Glob versions prior to v9 are no longer supported
npm warn deprecated glob@7.2.3: Glob versions prior to v9 are no longer supported
npm warn deprecated glob@7.2.3: Glob versions prior to v9 are no longer supported
npm warn deprecated glob@7.2.3: Glob versions prior to v9 are no longer supported
npm warn deprecated react-native-vector-icons@10.3.0: react-native-vector-icons package has moved to a new model of per-icon-family packages. See the https://github.com/oblador/react-native-vector-icons/blob/master/MIGRATION.md on how to migrate
husky - install command is DEPRECATED

Oops! Something went wrong! :(

ESLint: 9.34.0

ESLint couldn't find an eslint.config.(js|mjs|cjs) file.

From ESLint v9.0.0, the default configuration file is now eslint.config.js.
If you are using a .eslintrc.* file, please follow the migration guide
to update your configuration file to the new format:

https://eslint.org/docs/latest/use/configure/migration-guide

If you still have problems after following the migration guide, please stop by
https://eslint.org/chat/help to chat with the team.

error: cannot pull with rebase: You have unstaged changes.
error: please commit or stash them.
npm warn deprecated inflight@1.0.6: This module is not supported, and leaks memory. Do not use it. Check out lru-cache if you want a good and tested way to coalesce async requests by a key value, which is much more comprehensive and powerful.
npm warn deprecated rimraf@3.0.2: Rimraf versions prior to v4 are no longer supported
npm warn deprecated glob@7.2.3: Glob versions prior to v9 are no longer supported
npm warn deprecated glob@7.2.3: Glob versions prior to v9 are no longer supported
npm warn deprecated glob@7.2.3: Glob versions prior to v9 are no longer supported
npm warn deprecated glob@7.2.3: Glob versions prior to v9 are no longer supported
npm warn deprecated react-native-vector-icons@10.3.0: react-native-vector-icons package has moved to a new model of per-icon-family packages. See the https://github.com/oblador/react-native-vector-icons/blob/master/MIGRATION.md on how to migrate
husky - install command is DEPRECATED
[error] .github/scripts/issue-tracker.mjs: SyntaxError: Unexpected token (374:1)
[error]   372 | // Run with rate limit protection
[error]   373 | withRateLimit(main).catch(console.error);
[error] > 374 |
[error]       | ^
[error] .github/workflows/issue-tracking.yml: SyntaxError: A collection cannot be both a mapping and a sequence (1:1)
[error] >  1 | name: 🚀 Issue Tracking & Management
[error]      | ^^^^^^^^^^^^^^^^^^^^^^^^^^^^^^^^^^^^
[error] >  2 |
[error]      | ^
[error] >  3 | on:
[error]      | ^
[error] >  4 |   issues:
[error]      | ^
[error] >  5 |     types: [opened, edited, labeled, unlabeled, closed, reopened, assigned]
[error]      | ^
[error] >  6 |   pull_request:
[error]      | ^
[error] >  7 |     types: [opened, closed, edited]
[error]      | ^
[error] >  8 |   schedule:
[error]      | ^
[error] >  9 |     - cron: '0 */6 * * *'  # Every 6 hours
[error]      | ^
[error] >  10 |   workflow_dispatch:
[error]       | ^
[error] >  11 |     inputs:
[error]       | ^
[error] >  12 |       action:
[error]       | ^
[error] >  13 |         description: 'Manual action to perform'
[error]       | ^
[error] >  14 |         required: false
[error]       | ^
[error] >  15 |         default: 'update-board'
[error]       | ^
[error] >  16 |         type: choice
[error]       | ^
[error] >  17 |         options:
[error]       | ^
[error] >  18 |           - update-board
[error]       | ^
[error] >  19 |           - triage-issues
[error]       | ^
[error] >  20 |           - cleanup-stale
[error]       | ^
[error] >  21 |
[error]       | ^
[error] >  22 | permissions:
[error]       | ^
[error] >  23 |   contents: write
[error]       | ^
[error] >  24 |   issues: write
[error]       | ^
[error] >  25 |   pull-requests: write
[error]       | ^
[error] >  26 |
[error]       | ^
[error] >  27 | jobs:
[error]       | ^
[error] >  28 |   manage-issues:
[error]       | ^
[error] >  29 |     runs-on: ubuntu-latest
[error]       | ^
[error] >  30 |     steps:
[error]       | ^
[error] >  31 |       - uses: actions/checkout@v4
[error]       | ^
[error] >  32 |         with:
[error]       | ^
[error] >  33 |           fetch-depth: 0
[error]       | ^
[error] >  34 |
[error]       | ^
[error] >  35 |       - name: Setup Node.js
[error]       | ^
[error] >  36 |         uses: actions/setup-node@v4
[error]       | ^
[error] >  37 |         with:
[error]       | ^
[error] >  38 |           node-version: '20'
[error]       | ^
[error] >  39 |           cache: 'npm'
[error]       | ^
[error] >  40 |
[error]       | ^
[error] >  41 |       - name: Install dependencies
[error]       | ^
[error] >  42 |         run: npm ci
[error]       | ^
[error] >  43 |
[error]       | ^
[error] >  44 |       - name: Run Issue Tracker
[error]       | ^
[error] >  45 |         run: node .github/scripts/issue-tracker.mjs
[error]       | ^
[error] >  46 |         env:
[error]       | ^
[error] >  47 |           GITHUB_TOKEN: ${{ secrets.GITHUB_TOKEN }}
[error]       | ^
[error] >  48 |           MANUAL_ACTION: ${{ github.event.inputs.action }}
[error]       | ^
[error] >  49 |
[error]       | ^
[error] >  50 |   update-status-board:
[error]       | ^
[error] >  51 |     runs-on: ubuntu-latest
[error]       | ^
[error] >  52 |     if: always()
[error]       | ^
[error] >  53 |     steps:
[error]       | ^
[error] >  54 |       - uses: actions/checkout@v4
[error]       | ^
[error] >  55 |
[error]       | ^
[error] >  56 |       - name: Update Repository Status Board
[error]       | ^
[error] >  57 |         run: |
[error]       | ^
[error] >  58 |           # Find or create status board issue
[error]       | ^
[error] >  59 |           BOARD_ISSUE=$(gh issue list --label status-board --json number -q '.[0].number')
[error]       | ^
[error] >  60 |
[error]       | ^
[error] >  61 |           if [ -z "$BOARD_ISSUE" ]; then
[error]       | ^
[error] >  62 |             gh issue create --title "📊 Repository Status Board" \
[error]       | ^
[error] >  63 |                            --body "Initializing repository status tracking..." \
[error]       | ^
[error] >  64 |                            --label status-board
[error]       | ^
[error] >  65 |             BOARD_ISSUE=$(gh issue list --label status-board --json number -q '.[0].number')
[error]       | ^
[error] >  66 |           fi
[error]       | ^
[error] >  67 |
[error]       | ^
[error] >  68 |           # Generate comprehensive status board
[error]       | ^
[error] >  69 |           CONTENT="# 📊 Repository Status Board
[error]       | ^
[error] >  70 |
[error]       | ^
[error] >  71 | ## 📈 Repository Health
[error]       | ^
[error] >  72 | - **Open Issues**: $(gh issue list --state open --json number | jq '. | length') ($(gh issue list --state open --label bug --json number | jq '. | length') bugs, $(gh issue list --state open --label enhancement --json number | jq '. | length') features)
[error]       | ^
[error] >  73 | - **Open PRs**: $(gh pr list --state open --json number | jq '. | length')
[error]       | ^
[error] >  74 | - **Last Updated**: $(date -u '+%Y-%m-%d %H:%M UTC')
[error]       | ^
[error] >  75 |
[error]       | ^
[error] >  76 | ## 🔄 Active Pull Requests
[error]       | ^
[error] >  77 | $(gh pr list --state open --limit 10 --json number,title,headRefName,mergeable,isDraft,createdAt --template '
[error]       | ^
[error] >  78 | {{- range . -}}
[error]       | ^
[error] >  79 | {{ if .isDraft }}📝{{ else if .mergeable }}✅{{ else }}⏳{{ end }} **[#{{.number}}]({{.url}})**: {{.title}}
[error]       | ^
[error] >  80 |    - Branch: `{{.headRefName}}`
[error]       | ^
[error] >  81 |    - Age: {{ (now.Sub (fromJson .createdAt | time.Parse "2006-01-02T15:04:05Z07:00")) | time.Duration | printf "%.0f" }} days
[error]       | ^
[error] >  82 | {{- end -}}
[error]       | ^
[error] >  83 | ')
[error]       | ^
[error] >  84 |
[error]       | ^
[error] >  85 | ## 🐛 Recent Bug Reports
[error]       | ^
[error] >  86 | $(gh issue list --state open --label bug --limit 5 --json number,title,createdAt --template '
[error]       | ^
[error] >  87 | {{- range . -}}
[error]       | ^
[error] >  88 | 🐛 **[#{{.number}}]({{.url}})**: {{.title}} ({{ (now.Sub (fromJson .createdAt | time.Parse "2006-01-02T15:04:05Z07:00")) | time.Duration | printf "%.0f" }} days ago)
[error]       | ^
[error] >  89 | {{- end -}}
[error]       | ^
[error] >  90 | ')
[error]       | ^
[error] >  91 |
[error]       | ^
[error] >  92 | ## ✨ Recent Feature Requests
[error]       | ^
[error] >  93 | $(gh issue list --state open --label enhancement --limit 5 --json number,title,createdAt --template '
[error]       | ^
[error] >  94 | {{- range . -}}
[error]       | ^
[error] >  95 | 💡 **[#{{.number}}]({{.url}})**: {{.title}} ({{ (now.Sub (fromJson .createdAt | time.Parse "2006-01-02T15:04:05Z07:00")) | time.Duration | printf "%.0f" }} days ago)
[error]       | ^
[error] >  96 | {{- end -}}
[error]       | ^
[error] >  97 | ')
[error]       | ^
[error] >  98 |
[error]       | ^
[error] >  99 | ## 🔍 Triage Queue
[error]       | ^
[error] > 100 | $(gh issue list --state open --no-labels --limit 5 --json number,title,createdAt --template '
[error]       | ^
[error] > 101 | {{- range . -}}
[error]       | ^
[error] > 102 | 📋 **[#{{.number}}]({{.url}})**: {{.title}} ({{ (now.Sub (fromJson .createdAt | time.Parse "2006-01-02T15:04:05Z07:00")) | time.Duration | printf "%.0f" }} days ago)
[error]       | ^
[error] > 103 | {{- end -}}
[error]       | ^
[error] > 104 | ')
[error]       | ^
[error] > 105 |
[error]       | ^
[error] > 106 | ## ⚡ Recent Activity
[error]       | ^
[error] > 107 | $(gh run list --limit 5 --json name,status,conclusion,createdAt --template '
[error]       | ^
[error] > 108 | {{- range . -}}
[error]       | ^
[error] > 109 | {{- if eq .conclusion "success" }}✅{{ else if eq .conclusion "failure" }}❌{{ else }}⏳{{ end }} {{.name}}: {{.status}} ({{ (now.Sub (fromJson .createdAt | time.Parse "2006-01-02T15:04:05Z07:00")) | time.Duration | printf "%.0f" }}h ago)
[error]       | ^
[error] > 110 | {{- end -}}
[error]       | ^
[error] > 111 | ')
[error]       | ^
[error] > 112 |
[error]       | ^
[error] > 113 | ---
[error]       | ^
[error] > 114 | *This board updates automatically every 6 hours. Last sync: $(date -u)*"
[error]       | ^
[error] > 115 |
[error]       | ^
[error] > 116 |           # Update the status board issue
[error]       | ^
[error] > 117 |           echo "$CONTENT" | gh issue edit "$BOARD_ISSUE" --body-file -
[error]       | ^
[error] > 118 |
[error]       | ^
